Flow report for DE1_TOP
Tue Nov 04 13:07:03 2014
Quartus II Version 9.0 Build 235 06/17/2009 Service Pack 2 SJ Web Edition


---------------------
; Table of Contents ;
---------------------
  1. Legal Notice
  2. Flow Summary
  3. Flow Settings
  4. Flow Non-Default Global Settings
  5. Flow Elapsed Time
  6. Flow OS Summary
  7. Flow Log



----------------
; Legal Notice ;
----------------
Copyright (C) 1991-2009 Altera Corporation
Your use of Altera Corporation's design tools, logic functions 
and other software and tools, and its AMPP partner logic 
functions, and any output files from any of the foregoing 
(including device programming or simulation files), and any 
associated documentation or information are expressly subject 
to the terms and conditions of the Altera Program License 
Subscription Agreement, Altera MegaCore Function License 
Agreement, or other applicable license agreement, including, 
without limitation, that your use is for the sole purpose of 
programming logic devices manufactured by Altera and sold by 
Altera or its authorized distributors.  Please refer to the 
applicable agreement for further details.



+-----------------------------------------------------------------------------------+
; Flow Summary                                                                      ;
+------------------------------------+----------------------------------------------+
; Flow Status                        ; Successful - Tue Nov 04 13:07:03 2014        ;
; Quartus II Version                 ; 9.0 Build 235 06/17/2009 SP 2 SJ Web Edition ;
; Revision Name                      ; DE1_TOP                                      ;
; Top-level Entity Name              ; DE1_TOP                                      ;
; Family                             ; Cyclone II                                   ;
; Device                             ; EP2C20F484C7                                 ;
; Timing Models                      ; Final                                        ;
; Met timing requirements            ; Yes                                          ;
; Total logic elements               ; 924 / 18,752 ( 5 % )                         ;
;     Total combinational functions  ; 715 / 18,752 ( 4 % )                         ;
;     Dedicated logic registers      ; 706 / 18,752 ( 4 % )                         ;
; Total registers                    ; 706                                          ;
; Total pins                         ; 196 / 315 ( 62 % )                           ;
; Total virtual pins                 ; 0                                            ;
; Total memory bits                  ; 32,768 / 239,616 ( 14 % )                    ;
; Embedded Multiplier 9-bit elements ; 0 / 52 ( 0 % )                               ;
; Total PLLs                         ; 1 / 4 ( 25 % )                               ;
+------------------------------------+----------------------------------------------+


+-----------------------------------------+
; Flow Settings                           ;
+-------------------+---------------------+
; Option            ; Setting             ;
+-------------------+---------------------+
; Start date & time ; 11/04/2014 13:06:21 ;
; Main task         ; Compilation         ;
; Revision Name     ; DE1_TOP             ;
+-------------------+---------------------+


+--------------------------------------------------------------------------------------------------------------------------------------+
; Flow Non-Default Global Settings                                                                                                     ;
+-------------------------------------+-----------------------------------------------------+---------------+-------------+------------+
; Assignment Name                     ; Value                                               ; Default Value ; Entity Name ; Section Id ;
+-------------------------------------+-----------------------------------------------------+---------------+-------------+------------+
; COMPILER_SIGNATURE_ID               ; 160858958598824.141508118047108                     ; --            ; --          ; --         ;
; PARTITION_COLOR                     ; 16764057                                            ; --            ; --          ; Top        ;
; PARTITION_FITTER_PRESERVATION_LEVEL ; PLACEMENT_AND_ROUTING                               ; --            ; --          ; Top        ;
; PARTITION_NETLIST_TYPE              ; SOURCE                                              ; --            ; --          ; Top        ;
; USER_LIBRARIES                      ; C:/altera/megacore/line_buffer_compiler-v1.0.0/lib; ; --            ; --          ; --         ;
+-------------------------------------+-----------------------------------------------------+---------------+-------------+------------+


+-----------------------------------------------------------------------------------------------------------------------------+
; Flow Elapsed Time                                                                                                           ;
+-------------------------+--------------+-------------------------+---------------------+------------------------------------+
; Module Name             ; Elapsed Time ; Average Processors Used ; Peak Virtual Memory ; Total CPU Time (on all processors) ;
+-------------------------+--------------+-------------------------+---------------------+------------------------------------+
; Analysis & Synthesis    ; 00:00:15     ; 1.0                     ; 240 MB              ; 00:00:14                           ;
; Fitter                  ; 00:00:19     ; 1.0                     ; 270 MB              ; 00:00:13                           ;
; Assembler               ; 00:00:02     ; 1.0                     ; 241 MB              ; 00:00:02                           ;
; Classic Timing Analyzer ; 00:00:02     ; 1.0                     ; 185 MB              ; 00:00:01                           ;
; Total                   ; 00:00:38     ; --                      ; --                  ; 00:00:30                           ;
+-------------------------+--------------+-------------------------+---------------------+------------------------------------+


+------------------------------------------------------------------------------------------+
; Flow OS Summary                                                                          ;
+-------------------------+------------------+---------------+------------+----------------+
; Module Name             ; Machine Hostname ; OS Name       ; OS Version ; Processor type ;
+-------------------------+------------------+---------------+------------+----------------+
; Analysis & Synthesis    ; kupro            ; Windows Vista ; 6.2        ; x86_64         ;
; Fitter                  ; kupro            ; Windows Vista ; 6.2        ; x86_64         ;
; Assembler               ; kupro            ; Windows Vista ; 6.2        ; x86_64         ;
; Classic Timing Analyzer ; kupro            ; Windows Vista ; 6.2        ; x86_64         ;
+-------------------------+------------------+---------------+------------+----------------+


------------
; Flow Log ;
------------
quartus_map --read_settings_files=on --write_settings_files=off DE1_OV7670 -c DE1_TOP
quartus_fit --read_settings_files=off --write_settings_files=off DE1_OV7670 -c DE1_TOP
quartus_asm --read_settings_files=off --write_settings_files=off DE1_OV7670 -c DE1_TOP
quartus_tan --read_settings_files=off --write_settings_files=off DE1_OV7670 -c DE1_TOP --timing_analysis_only



